<?xml version="1.0" encoding="UTF-8"?>
<testng-results ignored="1" total="2" passed="1" failed="0" skipped="0">
  <reporter-output>
  </reporter-output>
  <suite started-at="2021-10-02T12:11:57 IST" name="My Test Suite" finished-at="2021-10-02T12:12:03 IST" duration-ms="6543">
    <groups>
      <group name="Login">
        <method signature="Login.PositiveLogin(java.lang.String,java.lang.String)[pri:3, instance:Login@41fe9859]" name="PositiveLogin" class="Login"/>
      </group> <!-- Login -->
    </groups>
    <test started-at="2021-10-02T12:11:57 IST" name="Test123" finished-at="2021-10-02T12:12:03 IST" duration-ms="6543">
      <class name="Login">
        <test-method is-config="true" signature="before()[pri:0, instance:Login@41fe9859]" started-at="2021-10-02T12:11:57 IST" name="before" finished-at="2021-10-02T12:12:01 IST" duration-ms="4360" status="PASS">
          <reporter-output>
          </reporter-output>
        </test-method> <!-- before -->
        <test-method signature="PositiveLogin(java.lang.String,java.lang.String)[pri:3, instance:Login@41fe9859]" started-at="2021-10-02T12:12:01 IST" name="PositiveLogin" finished-at="2021-10-02T12:12:03 IST" duration-ms="1764" status="PASS">
          <params>
            <param index="0">
              <value>
                <![CDATA[Rizwan@14Aug]]>
              </value>
            </param>
            <param index="1">
              <value>
                <![CDATA[Rizwan@14Aug]]>
              </value>
            </param>
          </params>
          <reporter-output>
          </reporter-output>
        </test-method> <!-- PositiveLogin -->
        <test-method is-config="true" signature="closeBrowser()[pri:0, instance:Login@41fe9859]" started-at="2021-10-02T12:12:04 IST" name="closeBrowser" finished-at="2021-10-02T12:12:04 IST" duration-ms="318" status="PASS">
          <reporter-output>
          </reporter-output>
        </test-method> <!-- closeBrowser -->
      </class> <!-- Login -->
    </test> <!-- Test123 -->
  </suite> <!-- My Test Suite -->
</testng-results>
